<?xml version="1.0" encoding="UTF-8" ?>
<testsuite failures="0" time="0.049" errors="0" skipped="0" tests="1" name="com.gg.work.AdminClientTest">
  <properties>
    <property name="java.runtime.name" value="Java(TM) SE Runtime Environment"/>
    <property name="sun.boot.library.path" value="/usr/lib/jvm/java-7-oracle/jre/lib/amd64"/>
    <property name="java.vm.version" value="24.45-b08"/>
    <property name="java.vm.vendor" value="Oracle Corporation"/>
    <property name="java.vendor.url" value="http://java.oracle.com/"/>
    <property name="path.separator" value=":"/>
    <property name="guice.disable.misplaced.annotation.check" value="true"/>
    <property name="java.vm.name" value="Java HotSpot(TM) 64-Bit Server VM"/>
    <property name="file.encoding.pkg" value="sun.io"/>
    <property name="idea.launcher.port" value="7550"/>
    <property name="user.country" value="SG"/>
    <property name="sun.java.launcher" value="SUN_STANDARD"/>
    <property name="sun.os.patch.level" value="unknown"/>
    <property name="java.vm.specification.name" value="Java Virtual Machine Specification"/>
    <property name="user.dir" value="/home/ubuntu/git/zookeeper/zookeeper-work"/>
    <property name="java.runtime.version" value="1.7.0_45-b18"/>
    <property name="java.awt.graphicsenv" value="sun.awt.X11GraphicsEnvironment"/>
    <property name="java.endorsed.dirs" value="/usr/lib/jvm/java-7-oracle/jre/lib/endorsed"/>
    <property name="os.arch" value="amd64"/>
    <property name="java.io.tmpdir" value="/tmp"/>
    <property name="line.separator" value="
"/>
    <property name="java.vm.specification.vendor" value="Oracle Corporation"/>
    <property name="os.name" value="Linux"/>
    <property name="net.sourceforge.cobertura.datafile" value="/home/ubuntu/git/zookeeper/zookeeper-work/target/cobertura/cobertura.ser"/>
    <property name="classworlds.conf" value="/usr/share/maven/bin/m2.conf"/>
    <property name="sun.jnu.encoding" value="UTF-8"/>
    <property name="java.library.path" value="/home/gaoge/software/idea/idea-IU-133.331/bin::/usr/java/packages/lib/amd64:/usr/lib64:/lib64:/lib:/usr/lib"/>
    <property name="java.specification.name" value="Java Platform API Specification"/>
    <property name="java.class.version" value="51.0"/>
    <property name="sun.management.compiler" value="HotSpot 64-Bit Tiered Compilers"/>
    <property name="os.version" value="3.2.0-52-generic"/>
    <property name="user.home" value="/home/gaoge"/>
    <property name="user.timezone" value="Asia/Singapore"/>
    <property name="java.awt.printerjob" value="sun.print.PSPrinterJob"/>
    <property name="java.specification.version" value="1.7"/>
    <property name="idea.launcher.bin.path" value="/home/gaoge/software/idea/idea-IU-133.331/bin"/>
    <property name="file.encoding" value="UTF-8"/>
    <property name="user.name" value="gaoge"/>
    <property name="java.class.path" value="/usr/share/maven/boot/plexus-classworlds-2.x.jar:/home/gaoge/software/idea/idea-IU-133.331/lib/idea_rt.jar"/>
    <property name="java.vm.specification.version" value="1.7"/>
    <property name="sun.arch.data.model" value="64"/>
    <property name="java.home" value="/usr/lib/jvm/java-7-oracle/jre"/>
    <property name="sun.java.command" value="com.intellij.rt.execution.application.AppMain org.codehaus.classworlds.Launcher org.codehaus.mojo:cobertura-maven-plugin:2.6:cobertura"/>
    <property name="java.specification.vendor" value="Oracle Corporation"/>
    <property name="user.language" value="en"/>
    <property name="awt.toolkit" value="sun.awt.X11.XToolkit"/>
    <property name="java.vm.info" value="mixed mode"/>
    <property name="java.version" value="1.7.0_45"/>
    <property name="java.ext.dirs" value="/usr/lib/jvm/java-7-oracle/jre/lib/ext:/usr/java/packages/lib/ext"/>
    <property name="securerandom.source" value="file:/dev/./urandom"/>
    <property name="sun.boot.class.path" value="/usr/lib/jvm/java-7-oracle/jre/lib/resources.jar:/usr/lib/jvm/java-7-oracle/jre/lib/rt.jar:/usr/lib/jvm/java-7-oracle/jre/lib/sunrsasign.jar:/usr/lib/jvm/java-7-oracle/jre/lib/jsse.jar:/usr/lib/jvm/java-7-oracle/jre/lib/jce.jar:/usr/lib/jvm/java-7-oracle/jre/lib/charsets.jar:/usr/lib/jvm/java-7-oracle/jre/lib/jfr.jar:/usr/lib/jvm/java-7-oracle/jre/classes"/>
    <property name="java.vendor" value="Oracle Corporation"/>
    <property name="maven.home" value="/usr/share/maven"/>
    <property name="file.separator" value="/"/>
    <property name="java.vendor.url.bug" value="http://bugreport.sun.com/bugreport/"/>
    <property name="sun.cpu.endian" value="little"/>
    <property name="sun.io.unicode.encoding" value="UnicodeLittle"/>
    <property name="project.build.outputDirectory" value="/home/ubuntu/git/zookeeper/zookeeper-work/target/generated-classes/cobertura"/>
    <property name="sun.cpu.isalist" value=""/>
  </properties>
  <testcase time="0.048" classname="com.gg.work.AdminClientTest" name="test"/>
</testsuite>